24-10-2017 00:44:39 INFO  Main:28 - Le logiciel s'est mis en marche avec succès.
24-10-2017 00:44:43 INFO  Main:83 - Le mode développeur est activé
24-10-2017 00:47:35 INFO  Main:71 - Toutes les variables ont été réinitialisées.
24-10-2017 00:47:52 INFO  Main:28 - Le logiciel s'est mis en marche avec succès.
24-10-2017 00:47:59 INFO  Main:86 - Le mode développeur est désactivé
24-10-2017 00:48:08 INFO  Main:71 - Toutes les variables ont été réinitialisées.
24-10-2017 00:48:17 INFO  Main:28 - Le logiciel s'est mis en marche avec succès.
24-10-2017 00:49:02 INFO  Main:83 - Le mode développeur est activé
24-10-2017 00:49:54 INFO  Main:71 - Toutes les variables ont été réinitialisées.
24-10-2017 00:50:03 INFO  Main:28 - Le logiciel s'est mis en marche avec succès.
24-10-2017 00:50:06 INFO  Main:86 - Le mode développeur est désactivé
24-10-2017 00:50:10 INFO  Main:71 - Toutes les variables ont été réinitialisées.
24-10-2017 00:50:33 INFO  Main:28 - Le logiciel s'est mis en marche avec succès.
24-10-2017 00:50:35 INFO  Main:86 - Le mode développeur est désactivé
24-10-2017 00:50:46 INFO  Main:71 - Toutes les variables ont été réinitialisées.
24-10-2017 00:50:51 INFO  Main:28 - Le logiciel s'est mis en marche avec succès.
24-10-2017 00:50:56 INFO  Main:83 - Le mode développeur est activé
24-10-2017 00:51:01 INFO  Main:71 - Toutes les variables ont été réinitialisées.
24-10-2017 00:51:16 INFO  Main:28 - Le logiciel s'est mis en marche avec succès.
24-10-2017 00:51:19 INFO  Main:86 - Le mode développeur est désactivé
24-10-2017 00:51:22 INFO  Main:71 - Toutes les variables ont été réinitialisées.
24-10-2017 00:51:37 INFO  Main:28 - Le logiciel s'est mis en marche avec succès.
24-10-2017 00:51:40 INFO  Main:83 - Le mode développeur est activé
24-10-2017 00:51:47 INFO  Main:71 - Toutes les variables ont été réinitialisées.
24-10-2017 00:51:52 INFO  Main:28 - Le logiciel s'est mis en marche avec succès.
24-10-2017 00:51:54 INFO  Main:83 - Le mode développeur est activé
24-10-2017 00:51:58 INFO  Main:71 - Toutes les variables ont été réinitialisées.
24-10-2017 00:52:23 INFO  Main:28 - Le logiciel s'est mis en marche avec succès.
24-10-2017 00:52:25 INFO  Main:83 - Le mode développeur est activé
24-10-2017 00:52:27 INFO  Main:71 - Toutes les variables ont été réinitialisées.
24-10-2017 10:16:50 INFO  Main:37 - Vous sortez du jeu.
